<?xml version="1.0" encoding="UTF-8"?>
<testsuite name="ru.netology.delivery.test.PostRequestTest" tests="1" skipped="0" failures="0" errors="0" timestamp="2025-12-03T16:26:25" hostname="MacBook-Pro-Aleksey.local" time="0.814">
  <properties/>
  <testcase name="postUserDataTest" classname="ru.netology.delivery.test.PostRequestTest" time="0.814"/>
  <system-out><![CDATA[Response body: {"code":200,"type":"unknown","message":"6874986851"}
]]></system-out>
  <system-err><![CDATA[]]></system-err>
</testsuite>
